
PROBLEM STATEMENT:
Adds 2 2-bit numbers, result is 3-bits, and scratch register is 3-bits (to hold carry overs)
Total of 10 qubits, hence simulator runs quite slow - it took 4 minutes elapsed time on my old laptop.
The circuit used is --

        ci+1	----------o---o-----        --.--
        ci	------.---|---.-----        --|--
	              |   |   |               |
        bi	----.-|---.---|-----        --|--
        ai	--.-|-|---.---|-----        --|--
	          | | |       |               |
        si+1	--|-|-|-------|-----        --o--
        si	--o-o-o-----x-.-x---        -----

Need to copy the final carry-out bit into the highest order result bit, as shown.


q000 -----------------[X]-[X]-[X]-----[X]-[.]-[X]-------------------------------------------------[X]-[.]-[X]-----
                       |   |   |           |                                                           |          
q001 ------------------|---|---|-----------|------[X]-[X]-[X]-----[X]-[.]-[X]-----[X]-[.]-[X]----------|----------
                       |   |   |           |       |   |   |           |               |               |          
q002 ------------------|---|---|-----------|-------|---|---|-----------|------[X]------|---------------|----------
                       |   |   |           |       |   |   |           |       |       |               |          
q003 ------------------|---|--[.]---------[.]------|---|---|-----------|-------|-------|--------------[.]---------
                       |   |               |       |   |   |           |       |       |               |          
q004 ------------------|---|------[X]-----[X]------|---|--[.]---------[.]------|------[.]-------------[X]-----[X]-
                       |   |       |               |   |               |       |       |                       |  
q005 ------------------|---|-------|---------------|---|------[X]-----[X]-----[.]-----[X]-----[X]--------------|--
                       |   |       |               |   |       |                               |               |  
q006 ---------[H]------|--[.]-----[.]--------------|---|-------|-------------------------------|--------------[.]-
                       |           |               |   |       |                               |               |  
q007 -------------[H]--|-----------|---------------|--[.]-----[.]-----------------------------[.]--------------|--
                       |           |               |           |                               |               |  
q008 -[H]-------------[.]---------[.]--------------|-----------|-------------------------------|--------------[.]-
                                                   |           |                               |                  
q009 -----[H]-------------------------------------[.]---------[.]-----------------------------[.]-----------------
                                                                                                                  
creg =============================================================================================================
                                                                                                                  

Initial State
0000000000    1.00000000+0.00000000j
CREGISTER: 0000000000

HADAMARD Qubit[8]
0000000000    0.70710678+0.00000000j
0100000000    0.70710678+0.00000000j
CREGISTER: 0000000000

HADAMARD Qubit[9]
0000000000    0.50000000+0.00000000j
0100000000    0.50000000+0.00000000j
1000000000    0.50000000+0.00000000j
1100000000    0.50000000+0.00000000j
CREGISTER: 0000000000

HADAMARD Qubit[6]
0000000000    0.35355339+0.00000000j
0001000000    0.35355339+0.00000000j
0100000000    0.35355339+0.00000000j
0101000000    0.35355339+0.00000000j
1000000000    0.35355339+0.00000000j
1001000000    0.35355339+0.00000000j
1100000000    0.35355339+0.00000000j
1101000000    0.35355339+0.00000000j
CREGISTER: 0000000000

HADAMARD Qubit[7]
0000000000    0.25000000+0.00000000j
0001000000    0.25000000+0.00000000j
0010000000    0.25000000+0.00000000j
0011000000    0.25000000+0.00000000j
0100000000    0.25000000+0.00000000j
0101000000    0.25000000+0.00000000j
0110000000    0.25000000+0.00000000j
0111000000    0.25000000+0.00000000j
1000000000    0.25000000+0.00000000j
1001000000    0.25000000+0.00000000j
1010000000    0.25000000+0.00000000j
1011000000    0.25000000+0.00000000j
1100000000    0.25000000+0.00000000j
1101000000    0.25000000+0.00000000j
1110000000    0.25000000+0.00000000j
1111000000    0.25000000+0.00000000j
CREGISTER: 0000000000

CNOT Qubit[8, 0]
0000000000    0.25000000+0.00000000j
0001000000    0.25000000+0.00000000j
0010000000    0.25000000+0.00000000j
0011000000    0.25000000+0.00000000j
0100000001    0.25000000+0.00000000j
0101000001    0.25000000+0.00000000j
0110000001    0.25000000+0.00000000j
0111000001    0.25000000+0.00000000j
1000000000    0.25000000+0.00000000j
1001000000    0.25000000+0.00000000j
1010000000    0.25000000+0.00000000j
1011000000    0.25000000+0.00000000j
1100000001    0.25000000+0.00000000j
1101000001    0.25000000+0.00000000j
1110000001    0.25000000+0.00000000j
1111000001    0.25000000+0.00000000j
CREGISTER: 0000000000

CNOT Qubit[6, 0]
0000000000    0.25000000+0.00000000j
0001000001    0.25000000+0.00000000j
0010000000    0.25000000+0.00000000j
0011000001    0.25000000+0.00000000j
0100000001    0.25000000+0.00000000j
0101000000    0.25000000+0.00000000j
0110000001    0.25000000+0.00000000j
0111000000    0.25000000+0.00000000j
1000000000    0.25000000+0.00000000j
1001000001    0.25000000+0.00000000j
1010000000    0.25000000+0.00000000j
1011000001    0.25000000+0.00000000j
1100000001    0.25000000+0.00000000j
1101000000    0.25000000+0.00000000j
1110000001    0.25000000+0.00000000j
1111000000    0.25000000+0.00000000j
CREGISTER: 0000000000

CNOT Qubit[3, 0]
0000000000    0.25000000+0.00000000j
0001000001    0.25000000+0.00000000j
0010000000    0.25000000+0.00000000j
0011000001    0.25000000+0.00000000j
0100000001    0.25000000+0.00000000j
0101000000    0.25000000+0.00000000j
0110000001    0.25000000+0.00000000j
0111000000    0.25000000+0.00000000j
1000000000    0.25000000+0.00000000j
1001000001    0.25000000+0.00000000j
1010000000    0.25000000+0.00000000j
1011000001    0.25000000+0.00000000j
1100000001    0.25000000+0.00000000j
1101000000    0.25000000+0.00000000j
1110000001    0.25000000+0.00000000j
1111000000    0.25000000+0.00000000j
CREGISTER: 0000000000

TOFFOLI Qubit[8, 6, 4]
0000000000    0.25000000+0.00000000j
0001000001    0.25000000+0.00000000j
0010000000    0.25000000+0.00000000j
0011000001    0.25000000+0.00000000j
0100000001    0.25000000+0.00000000j
0101010000    0.25000000+0.00000000j
0110000001    0.25000000+0.00000000j
0111010000    0.25000000+0.00000000j
1000000000    0.25000000+0.00000000j
1001000001    0.25000000+0.00000000j
1010000000    0.25000000+0.00000000j
1011000001    0.25000000+0.00000000j
1100000001    0.25000000+0.00000000j
1101010000    0.25000000+0.00000000j
1110000001    0.25000000+0.00000000j
1111010000    0.25000000+0.00000000j
CREGISTER: 0000000000

X Qubit[0]
0000000001    0.25000000+0.00000000j
0001000000    0.25000000+0.00000000j
0010000001    0.25000000+0.00000000j
0011000000    0.25000000+0.00000000j
0100000000    0.25000000+0.00000000j
0101010001    0.25000000+0.00000000j
0110000000    0.25000000+0.00000000j
0111010001    0.25000000+0.00000000j
1000000001    0.25000000+0.00000000j
1001000000    0.25000000+0.00000000j
1010000001    0.25000000+0.00000000j
1011000000    0.25000000+0.00000000j
1100000000    0.25000000+0.00000000j
1101010001    0.25000000+0.00000000j
1110000000    0.25000000+0.00000000j
1111010001    0.25000000+0.00000000j
CREGISTER: 0000000000

TOFFOLI Qubit[0, 3, 4]
0000000001    0.25000000+0.00000000j
0001000000    0.25000000+0.00000000j
0010000001    0.25000000+0.00000000j
0011000000    0.25000000+0.00000000j
0100000000    0.25000000+0.00000000j
0101010001    0.25000000+0.00000000j
0110000000    0.25000000+0.00000000j
0111010001    0.25000000+0.00000000j
1000000001    0.25000000+0.00000000j
1001000000    0.25000000+0.00000000j
1010000001    0.25000000+0.00000000j
1011000000    0.25000000+0.00000000j
1100000000    0.25000000+0.00000000j
1101010001    0.25000000+0.00000000j
1110000000    0.25000000+0.00000000j
1111010001    0.25000000+0.00000000j
CREGISTER: 0000000000

X Qubit[0]
0000000000    0.25000000+0.00000000j
0001000001    0.25000000+0.00000000j
0010000000    0.25000000+0.00000000j
0011000001    0.25000000+0.00000000j
0100000001    0.25000000+0.00000000j
0101010000    0.25000000+0.00000000j
0110000001    0.25000000+0.00000000j
0111010000    0.25000000+0.00000000j
1000000000    0.25000000+0.00000000j
1001000001    0.25000000+0.00000000j
1010000000    0.25000000+0.00000000j
1011000001    0.25000000+0.00000000j
1100000001    0.25000000+0.00000000j
1101010000    0.25000000+0.00000000j
1110000001    0.25000000+0.00000000j
1111010000    0.25000000+0.00000000j
CREGISTER: 0000000000

CNOT Qubit[9, 1]
0000000000    0.25000000+0.00000000j
0001000001    0.25000000+0.00000000j
0010000000    0.25000000+0.00000000j
0011000001    0.25000000+0.00000000j
0100000001    0.25000000+0.00000000j
0101010000    0.25000000+0.00000000j
0110000001    0.25000000+0.00000000j
0111010000    0.25000000+0.00000000j
1000000010    0.25000000+0.00000000j
1001000011    0.25000000+0.00000000j
1010000010    0.25000000+0.00000000j
1011000011    0.25000000+0.00000000j
1100000011    0.25000000+0.00000000j
1101010010    0.25000000+0.00000000j
1110000011    0.25000000+0.00000000j
1111010010    0.25000000+0.00000000j
CREGISTER: 0000000000

CNOT Qubit[7, 1]
0000000000    0.25000000+0.00000000j
0001000001    0.25000000+0.00000000j
0010000010    0.25000000+0.00000000j
0011000011    0.25000000+0.00000000j
0100000001    0.25000000+0.00000000j
0101010000    0.25000000+0.00000000j
0110000011    0.25000000+0.00000000j
0111010010    0.25000000+0.00000000j
1000000010    0.25000000+0.00000000j
1001000011    0.25000000+0.00000000j
1010000000    0.25000000+0.00000000j
1011000001    0.25000000+0.00000000j
1100000011    0.25000000+0.00000000j
1101010010    0.25000000+0.00000000j
1110000001    0.25000000+0.00000000j
1111010000    0.25000000+0.00000000j
CREGISTER: 0000000000

CNOT Qubit[4, 1]
0000000000    0.25000000+0.00000000j
0001000001    0.25000000+0.00000000j
0010000010    0.25000000+0.00000000j
0011000011    0.25000000+0.00000000j
0100000001    0.25000000+0.00000000j
0101010010    0.25000000+0.00000000j
0110000011    0.25000000+0.00000000j
0111010000    0.25000000+0.00000000j
1000000010    0.25000000+0.00000000j
1001000011    0.25000000+0.00000000j
1010000000    0.25000000+0.00000000j
1011000001    0.25000000+0.00000000j
1100000011    0.25000000+0.00000000j
1101010000    0.25000000+0.00000000j
1110000001    0.25000000+0.00000000j
1111010010    0.25000000+0.00000000j
CREGISTER: 0000000000

TOFFOLI Qubit[9, 7, 5]
0000000000    0.25000000+0.00000000j
0001000001    0.25000000+0.00000000j
0010000010    0.25000000+0.00000000j
0011000011    0.25000000+0.00000000j
0100000001    0.25000000+0.00000000j
0101010010    0.25000000+0.00000000j
0110000011    0.25000000+0.00000000j
0111010000    0.25000000+0.00000000j
1000000010    0.25000000+0.00000000j
1001000011    0.25000000+0.00000000j
1010100000    0.25000000+0.00000000j
1011100001    0.25000000+0.00000000j
1100000011    0.25000000+0.00000000j
1101010000    0.25000000+0.00000000j
1110100001    0.25000000+0.00000000j
1111110010    0.25000000+0.00000000j
CREGISTER: 0000000000

X Qubit[1]
0000000010    0.25000000+0.00000000j
0001000011    0.25000000+0.00000000j
0010000000    0.25000000+0.00000000j
0011000001    0.25000000+0.00000000j
0100000011    0.25000000+0.00000000j
0101010000    0.25000000+0.00000000j
0110000001    0.25000000+0.00000000j
0111010010    0.25000000+0.00000000j
1000000000    0.25000000+0.00000000j
1001000001    0.25000000+0.00000000j
1010100010    0.25000000+0.00000000j
1011100011    0.25000000+0.00000000j
1100000001    0.25000000+0.00000000j
1101010010    0.25000000+0.00000000j
1110100011    0.25000000+0.00000000j
1111110000    0.25000000+0.00000000j
CREGISTER: 0000000000

TOFFOLI Qubit[1, 4, 5]
0000000010    0.25000000+0.00000000j
0001000011    0.25000000+0.00000000j
0010000000    0.25000000+0.00000000j
0011000001    0.25000000+0.00000000j
0100000011    0.25000000+0.00000000j
0101010000    0.25000000+0.00000000j
0110000001    0.25000000+0.00000000j
0111110010    0.25000000+0.00000000j
1000000000    0.25000000+0.00000000j
1001000001    0.25000000+0.00000000j
1010100010    0.25000000+0.00000000j
1011100011    0.25000000+0.00000000j
1100000001    0.25000000+0.00000000j
1101110010    0.25000000+0.00000000j
1110100011    0.25000000+0.00000000j
1111110000    0.25000000+0.00000000j
CREGISTER: 0000000000

X Qubit[1]
0000000000    0.25000000+0.00000000j
0001000001    0.25000000+0.00000000j
0010000010    0.25000000+0.00000000j
0011000011    0.25000000+0.00000000j
0100000001    0.25000000+0.00000000j
0101010010    0.25000000+0.00000000j
0110000011    0.25000000+0.00000000j
0111110000    0.25000000+0.00000000j
1000000010    0.25000000+0.00000000j
1001000011    0.25000000+0.00000000j
1010100000    0.25000000+0.00000000j
1011100001    0.25000000+0.00000000j
1100000011    0.25000000+0.00000000j
1101110000    0.25000000+0.00000000j
1110100001    0.25000000+0.00000000j
1111110010    0.25000000+0.00000000j
CREGISTER: 0000000000

CNOT Qubit[5, 2]
0000000000    0.25000000+0.00000000j
0001000001    0.25000000+0.00000000j
0010000010    0.25000000+0.00000000j
0011000011    0.25000000+0.00000000j
0100000001    0.25000000+0.00000000j
0101010010    0.25000000+0.00000000j
0110000011    0.25000000+0.00000000j
0111110100    0.25000000+0.00000000j
1000000010    0.25000000+0.00000000j
1001000011    0.25000000+0.00000000j
1010100100    0.25000000+0.00000000j
1011100101    0.25000000+0.00000000j
1100000011    0.25000000+0.00000000j
1101110100    0.25000000+0.00000000j
1110100101    0.25000000+0.00000000j
1111110110    0.25000000+0.00000000j
CREGISTER: 0000000000

X Qubit[1]
0000000010    0.25000000+0.00000000j
0001000011    0.25000000+0.00000000j
0010000000    0.25000000+0.00000000j
0011000001    0.25000000+0.00000000j
0100000011    0.25000000+0.00000000j
0101010000    0.25000000+0.00000000j
0110000001    0.25000000+0.00000000j
0111110110    0.25000000+0.00000000j
1000000000    0.25000000+0.00000000j
1001000001    0.25000000+0.00000000j
1010100110    0.25000000+0.00000000j
1011100111    0.25000000+0.00000000j
1100000001    0.25000000+0.00000000j
1101110110    0.25000000+0.00000000j
1110100111    0.25000000+0.00000000j
1111110100    0.25000000+0.00000000j
CREGISTER: 0000000000

TOFFOLI Qubit[1, 4, 5]
0000000010    0.25000000+0.00000000j
0001000011    0.25000000+0.00000000j
0010000000    0.25000000+0.00000000j
0011000001    0.25000000+0.00000000j
0100000011    0.25000000+0.00000000j
0101010000    0.25000000+0.00000000j
0110000001    0.25000000+0.00000000j
0111010110    0.25000000+0.00000000j
1000000000    0.25000000+0.00000000j
1001000001    0.25000000+0.00000000j
1010100110    0.25000000+0.00000000j
1011100111    0.25000000+0.00000000j
1100000001    0.25000000+0.00000000j
1101010110    0.25000000+0.00000000j
1110100111    0.25000000+0.00000000j
1111110100    0.25000000+0.00000000j
CREGISTER: 0000000000

X Qubit[1]
0000000000    0.25000000+0.00000000j
0001000001    0.25000000+0.00000000j
0010000010    0.25000000+0.00000000j
0011000011    0.25000000+0.00000000j
0100000001    0.25000000+0.00000000j
0101010010    0.25000000+0.00000000j
0110000011    0.25000000+0.00000000j
0111010100    0.25000000+0.00000000j
1000000010    0.25000000+0.00000000j
1001000011    0.25000000+0.00000000j
1010100100    0.25000000+0.00000000j
1011100101    0.25000000+0.00000000j
1100000011    0.25000000+0.00000000j
1101010100    0.25000000+0.00000000j
1110100101    0.25000000+0.00000000j
1111110110    0.25000000+0.00000000j
CREGISTER: 0000000000

TOFFOLI Qubit[9, 7, 5]
0000000000    0.25000000+0.00000000j
0001000001    0.25000000+0.00000000j
0010000010    0.25000000+0.00000000j
0011000011    0.25000000+0.00000000j
0100000001    0.25000000+0.00000000j
0101010010    0.25000000+0.00000000j
0110000011    0.25000000+0.00000000j
0111010100    0.25000000+0.00000000j
1000000010    0.25000000+0.00000000j
1001000011    0.25000000+0.00000000j
1010000100    0.25000000+0.00000000j
1011000101    0.25000000+0.00000000j
1100000011    0.25000000+0.00000000j
1101010100    0.25000000+0.00000000j
1110000101    0.25000000+0.00000000j
1111010110    0.25000000+0.00000000j
CREGISTER: 0000000000

X Qubit[0]
0000000001    0.25000000+0.00000000j
0001000000    0.25000000+0.00000000j
0010000011    0.25000000+0.00000000j
0011000010    0.25000000+0.00000000j
0100000000    0.25000000+0.00000000j
0101010011    0.25000000+0.00000000j
0110000010    0.25000000+0.00000000j
0111010101    0.25000000+0.00000000j
1000000011    0.25000000+0.00000000j
1001000010    0.25000000+0.00000000j
1010000101    0.25000000+0.00000000j
1011000100    0.25000000+0.00000000j
1100000010    0.25000000+0.00000000j
1101010101    0.25000000+0.00000000j
1110000100    0.25000000+0.00000000j
1111010111    0.25000000+0.00000000j
CREGISTER: 0000000000

TOFFOLI Qubit[0, 3, 4]
0000000001    0.25000000+0.00000000j
0001000000    0.25000000+0.00000000j
0010000011    0.25000000+0.00000000j
0011000010    0.25000000+0.00000000j
0100000000    0.25000000+0.00000000j
0101010011    0.25000000+0.00000000j
0110000010    0.25000000+0.00000000j
0111010101    0.25000000+0.00000000j
1000000011    0.25000000+0.00000000j
1001000010    0.25000000+0.00000000j
1010000101    0.25000000+0.00000000j
1011000100    0.25000000+0.00000000j
1100000010    0.25000000+0.00000000j
1101010101    0.25000000+0.00000000j
1110000100    0.25000000+0.00000000j
1111010111    0.25000000+0.00000000j
CREGISTER: 0000000000

X Qubit[0]
0000000000    0.25000000+0.00000000j
0001000001    0.25000000+0.00000000j
0010000010    0.25000000+0.00000000j
0011000011    0.25000000+0.00000000j
0100000001    0.25000000+0.00000000j
0101010010    0.25000000+0.00000000j
0110000011    0.25000000+0.00000000j
0111010100    0.25000000+0.00000000j
1000000010    0.25000000+0.00000000j
1001000011    0.25000000+0.00000000j
1010000100    0.25000000+0.00000000j
1011000101    0.25000000+0.00000000j
1100000011    0.25000000+0.00000000j
1101010100    0.25000000+0.00000000j
1110000101    0.25000000+0.00000000j
1111010110    0.25000000+0.00000000j
CREGISTER: 0000000000

TOFFOLI Qubit[8, 6, 4]
0000000000    0.25000000+0.00000000j
0001000001    0.25000000+0.00000000j
0010000010    0.25000000+0.00000000j
0011000011    0.25000000+0.00000000j
0100000001    0.25000000+0.00000000j
0101000010    0.25000000+0.00000000j
0110000011    0.25000000+0.00000000j
0111000100    0.25000000+0.00000000j
1000000010    0.25000000+0.00000000j
1001000011    0.25000000+0.00000000j
1010000100    0.25000000+0.00000000j
1011000101    0.25000000+0.00000000j
1100000011    0.25000000+0.00000000j
1101000100    0.25000000+0.00000000j
1110000101    0.25000000+0.00000000j
1111000110    0.25000000+0.00000000j
CREGISTER: 0000000000

READ OUT STATE VECTOR: 
0000000000 [[0.25+0.j]]
0001000001 [[0.25+0.j]]
0010000010 [[0.25+0.j]]
0011000011 [[0.25+0.j]]
0100000001 [[0.25+0.j]]
0101000010 [[0.25+0.j]]
0110000011 [[0.25+0.j]]
0111000100 [[0.25+0.j]]
1000000010 [[0.25+0.j]]
1001000011 [[0.25+0.j]]
1010000100 [[0.25+0.j]]
1011000101 [[0.25+0.j]]
1100000011 [[0.25+0.j]]
1101000100 [[0.25+0.j]]
1110000101 [[0.25+0.j]]
1111000110 [[0.25+0.j]]
READ OUT CREGISTER: 0000000000
